Arguments: 
  C:\Program Files\nodejs\node.exe C:\Users\KIIT\AppData\Roaming\npm\node_modules\yarn\bin\yarn.js add normalize-css

PATH: 
  C:\Program Files\Git\mingw64\bin;C:\Program Files\Git\usr\bin;C:\Users\KIIT\bin;C:\Program Files (x86)\Common Files\Oracle\Java\javapath;C:\windows\system32;C:\windows;C:\windows\System32\Wbem;C:\windows\System32\WindowsPowerShell\v1.0;C:\Program Files (x86)\NVIDIA Corporation\PhysX\Common;C:\WINDOWS\system32;C:\WINDOWS;C:\WINDOWS\System32\Wbem;C:\WINDOWS\System32\WindowsPowerShell\v1.0;C:\MinGW\bin;C:\WINDOWS\System32\OpenSSH;C:\Program Files\Intel\WiFi\bin;C:\Program Files\Common Files\Intel\WirelessCommon;C:\Users\KIIT\AppData\Local\Microsoft\WindowsApps;C:\adb;C:\Program Files (x86)\Intel\Intel(R) Management Engine Components\DAL;C:\Program Files\Intel\Intel(R) Management Engine Components\DAL;C:\WINDOWS\system32;C:\WINDOWS;C:\WINDOWS\System32\Wbem;C:\WINDOWS\System32\WindowsPowerShell\v1.0;C:\WINDOWS\System32\OpenSSH;C:\Program Files\Git\cmd;C:\Program Files\nodejs;C:\Users\KIIT\AppData\Local\Programs\Python\Python38-32;C:\Users\KIIT\AppData\Local\Microsoft\WindowsApps;C:\Program Files\Intel\WiFi\bin;C:\Program Files\Common Files\Intel\WirelessCommon;C:\Users\KIIT\AppData\Local\Microsoft\WindowsApps;C:\Users\KIIT\Documents\flutter\bin;C:\Users\KIIT\AppData\Local\Programs\Microsoft VS Code\bin;C:\Users\KIIT\AppData\Local\hyper\app-3.0.2\resources\bin;C:\Program Files\heroku\bin;C:\Users\KIIT\AppData\Roaming\npm;C:\Program Files\Java\jdk-11.0.1\bin

Yarn version: 
  1.22.4

Node version: 
  12.14.0

Platform: 
  win32 x64

Trace: 
  Error: EPERM: operation not permitted, unlink 'C:\Users\KIIT\Documents\webDEV\andrew_mead_webDEV\Indecision app\node_modules\node-sass\vendor\win32-x64-72\binding.node'

npm manifest: 
  {
    "name": "indecision-app",
    "version": "1.0.0",
    "main": "index.js",
    "author": "Andrew Mead",
    "license": "MIT",
    "scripts": {
      "serve": "live-server public/",
      "build": "webpack",
      "dev-server": "webpack-dev-server"
    },
    "dependencies": {
      "@babel/core": "^7.10.5",
      "@babel/preset-env": "^7.10.4",
      "@babel/preset-react": "^7.10.4",
      "babel-cli": "^6.26.0",
      "babel-loader": "^8.1.0",
      "babel-plugin-transform-class-properties": "^6.24.1",
      "chokidar": "^3.4.0",
      "css-loader": "^3.6.0",
      "live-server": "^1.2.0",
      "node-sass": "^4.14.1",
      "react": "^16.13.1",
      "react-dom": "^16.13.1",
      "react-modal": "^3.11.2",
      "sass-loader": "^9.0.2",
      "style-loader": "^1.2.1",
      "validator": "8.0.0",
      "webpack": "^4.43.0",
      "webpack-cli": "^3.3.12",
      "webpack-dev-server": "^3.11.0"
    }
  }

yarn manifest: 
  No manifest

Lockfile: 
  No lockfile
